[0;91m
		    -----------------------[38;5;247m[0;91m
		   | 👹 MINISHELL PANIC 👹 |
[38;5;247m[0;91m		    -----------------------

[38;5;247mCompiling Makefile ... Please wait![38;5;247m[38;5;247m[2K
 Compilation done
[38;5;247m[38;5;247m
 CARE!
 This tester does not work if your prompt has a new line
 or changes during execution.
[38;5;247m[38;5;247m
|==========================[ ECHO ]==========================|[38;5;247m[38;5;247m


[38;5;247m[38;5;247m  1.   |[38;5;247m[0;92mecho[38;5;247m|                                           [[0;92mOK[38;5;247m]
[38;5;247m  2.   |[38;5;247m[0;92mecho ñ[38;5;247m|                                         [[0;92mOK[38;5;247m]
[38;5;247m  3.   |[38;5;247m[0;92mecho hi[38;5;247m|                                        [[0;92mOK[38;5;247m]
[38;5;247m  4.   |[38;5;247m[0;92m/bin/echo hi[38;5;247m|                                   [[0;92mOK[38;5;247m]
[38;5;247m  5.   |[38;5;247m[0;92mecho $PATH[38;5;247m|                                     [[0;92mOK[38;5;247m]
[38;5;247m  6.   |[38;5;247m[0;92mecho $NONEXIST[38;5;247m|                                 [[0;92mOK[38;5;247m]
[38;5;247m  7.   |[38;5;247m[0;92mechoecho[38;5;247m|                                       [[0;92mOK[38;5;247m]
[38;5;247m  8.   |[38;5;247m[0;92mecho -n[38;5;247m|                                        [[0;92mOK[38;5;247m]
[38;5;247m  9.   |[38;5;247m[0;92mecho -n hi[38;5;247m|                                     [[0;92mOK[38;5;247m]
[38;5;247m  10.  |[38;5;247m[0;92mecho --n hi[38;5;247m|                                    [[0;92mOK[38;5;247m]
[38;5;247m  11.  |[38;5;247m[0;92mecho -nn hi[38;5;247m|                                    [[0;92mOK[38;5;247m]
[38;5;247m  12.  |[38;5;247m[0;92mecho -n -n hi[38;5;247m|                                  [[0;92mOK[38;5;247m]
[38;5;247m  13.  |[38;5;247m[0;92mecho hi -n[38;5;247m|                                     [[0;92mOK[38;5;247m]
[38;5;247m  14.  |[38;5;247m[0;91mecho "-n -n -n" -n hi[38;5;247m|                          [[0;91mK0[38;5;247m]
[38;5;247m  15.  |[38;5;247m[0;92mcheck if launch execve[38;5;247m|                         [[0;92mOK[38;5;247m]
[38;5;247m  16.  |[38;5;247m[0;91mcheck if builtin is not correct[38;5;247m|                [[0;91mK0[38;5;247m]
[38;5;247m  17.  |[38;5;247m[0;92mEXECVE THE ECHO?[38;5;247m|                               [[0;92mOK[38;5;247m]
[38;5;247m  18.  |[38;5;247m[0;91mnot builtin without PATH[38;5;247m|                       [[0;91mK0[38;5;247m]
[38;5;247m

  It seems that there are some tests that have not passed...

  To see full failure traces -> traces/echo_trace.txt

[38;5;247m
|=========================[ EXPORT ]=========================|[38;5;247m[38;5;247m


[38;5;247m[38;5;247m  19.  |[38;5;247m[0;91mexport 1A=value[38;5;247m|                                [[0;91mK0[38;5;247m]
[38;5;247m  20.  |[38;5;247m[0;91mexport /A=value[38;5;247m|                                [[0;91mK0[38;5;247m]
[38;5;247m  21.  |[38;5;247m[0;91mexport A/=value[38;5;247m|                                [[0;91mK0[38;5;247m]
[38;5;247m  22.  |[38;5;247m[0;91mexport 'A=value'[38;5;247m|                               [[0;91mK0[38;5;247m]
[38;5;247m  23.  |[38;5;247m[0;91mexport ' A=value'[38;5;247m|                              [[0;91mK0[38;5;247m]
[38;5;247m  24.  |[38;5;247m[0;91mexport 'A =value'[38;5;247m|                              [[0;91mK0[38;5;247m]
[38;5;247m  25.  |[38;5;247m[0;91mexport TEST=test[38;5;247m|                               [[0;91mK0[38;5;247m]
[38;5;247m  26.  |[38;5;247m[0;91mexport TEST=test TESTT=test2[38;5;247m|                   [[0;91mK0[38;5;247m]
[38;5;247m  27.  |[38;5;247m[0;91mexport TEST=test W:RON:G=wrong TESTT=test2[38;5;247m|     [[0;91mK0[38;5;247m]
[38;5;247m  28.  |[38;5;247m[0;91mexport EMPTY EMPTY_TOO= NOT_EMPTY=contnent[38;5;247m|     [[0;91mK0[38;5;247m]
[38;5;247m  29.  |[38;5;247m[0;91mexport TEST=value TEST=value2[38;5;247m|                  [[0;91mK0[38;5;247m]
[38;5;247m  30.  |[38;5;247m[0;91mexport TEST+=" added value"[38;5;247m|                    [[0;91mK0[38;5;247m]
[38;5;247m  31.  |[38;5;247m[0;91mexport existing variable[38;5;247m|                       [[0;91mK0[38;5;247m]
[38;5;247m  32.  |[38;5;247m[0;91mexport correct=correct wrong%=wrong[38;5;247m|            [[0;91mK0[38;5;247m]
[38;5;247m  33.  |[38;5;247m[0;91mexport wrong%=wrong correct=correct[38;5;247m|            [[0;91mK0[38;5;247m]
[38;5;247m  34.  |[38;5;247m[0;92m whoami[38;5;247m|                                        [[0;92mOK[38;5;247m]
[38;5;247m

  It seems that there are some tests that have not passed...

  To see full failure traces -> traces/export_trace.txt

[38;5;247m
|===========================[ ENV ]==========================|[38;5;247m[38;5;247m


[38;5;247m[38;5;247m  35.  |[38;5;247m[0;92menv with export TESTVAR[38;5;247m|                        [[0;92mOK[38;5;247m]
[38;5;247m  36.  |[38;5;247m[0;92menv with export TESTVAR=[38;5;247m|                       [[0;92mOK[38;5;247m]
[38;5;247m  37.  |[38;5;247m[0;92menv with export TESTVAR=""[38;5;247m|                     [[0;92mOK[38;5;247m]
[38;5;247m  38.  |[38;5;247m[0;92menv with export TESTVAR="value"[38;5;247m|                [[0;92mOK[38;5;247m]
[38;5;247m  39.  |[38;5;247m[0;92menv with export TESTVAR (in mini)[38;5;247m|              [[0;92mOK[38;5;247m]
[38;5;247m  40.  |[38;5;247m[0;92menv with export TESTVAR= (in mini)[38;5;247m|             [[0;92mOK[38;5;247m]
[38;5;247m  41.  |[38;5;247m[0;92menv with export TESTVAR="" (in mini)[38;5;247m|           [[0;92mOK[38;5;247m]
[38;5;247m  42.  |[38;5;247m[0;91menv with export TESTVAR"value" (in mini)[38;5;247m|       [[0;91mK0[38;5;247m]
[38;5;247m

  It seems that there are some tests that have not passed...

  To see full failure traces -> traces/env_trace.txt

[38;5;247m
|==========================[ EXIT ]==========================|[38;5;247m[38;5;247m


[38;5;247m[38;5;247m  43.  |[38;5;247m[0;92mexit[38;5;247m|                                           [[0;92mOK[38;5;247m]
[38;5;247m  44.  |[38;5;247m[0;91mexit ""[38;5;247m|                                        [[0;91mK0[38;5;247m]
[38;5;247m  45.  |[38;5;247m[0;91mexit " "[38;5;247m|                                       [[0;91mK0[38;5;247m]
[38;5;247m  46.  |[38;5;247m[0;91mexit "  "[38;5;247m|                                      [[0;91mK0[38;5;247m]
[38;5;247m  47.  |[38;5;247m[0;91mexit "	"[38;5;247m|                                       [[0;91mK0[38;5;247m]
[38;5;247m  48.  |[38;5;247m[0;92mexit 42network[38;5;247m|                                 [[0;92mOK[38;5;247m]
[38;5;247m  49.  |[38;5;247m[0;92mexit +[38;5;247m|                                         [[0;92mOK[38;5;247m]
[38;5;247m  50.  |[38;5;247m[0;92mexit ++[38;5;247m|                                        [[0;92mOK[38;5;247m]
[38;5;247m  51.  |[38;5;247m[0;92mexit -[38;5;247m|                                         [[0;92mOK[38;5;247m]
[38;5;247m  52.  |[38;5;247m[0;92mexit ---[38;5;247m|                                       [[0;92mOK[38;5;247m]
[38;5;247m  53.  |[38;5;247m[0;92mexit 0[38;5;247m|                                         [[0;92mOK[38;5;247m]
[38;5;247m  54.  |[38;5;247m[0;92mexit +0[38;5;247m|                                        [[0;92mOK[38;5;247m]
[38;5;247m  55.  |[38;5;247m[0;92mexit ++0[38;5;247m|                                       [[0;92mOK[38;5;247m]
[38;5;247m  56.  |[38;5;247m[0;92mexit -0[38;5;247m|                                        [[0;92mOK[38;5;247m]
[38;5;247m  57.  |[38;5;247m[0;92mexit --0[38;5;247m|                                       [[0;92mOK[38;5;247m]
[38;5;247m  58.  |[38;5;247m[0;92mexit 1[38;5;247m|                                         [[0;92mOK[38;5;247m]
[38;5;247m  59.  |[38;5;247m[0;92mexit +1[38;5;247m|                                        [[0;92mOK[38;5;247m]
[38;5;247m  60.  |[38;5;247m[0;92mexit ++1[38;5;247m|                                       [[0;92mOK[38;5;247m]
[38;5;247m  61.  |[38;5;247m[0;92mexit -1[38;5;247m|                                        [[0;92mOK[38;5;247m]
[38;5;247m  62.  |[38;5;247m[0;92mexit --1[38;5;247m|                                       [[0;92mOK[38;5;247m]
[38;5;247m  63.  |[38;5;247m[0;91mexit ' 3'[38;5;247m|                                      [[0;91mK0[38;5;247m]
[38;5;247m  64.  |[38;5;247m[0;91mexit '3 '[38;5;247m|                                      [[0;91mK0[38;5;247m]
[38;5;247m  65.  |[38;5;247m[0;92mexit 255[38;5;247m|                                       [[0;92mOK[38;5;247m]
[38;5;247m  66.  |[38;5;247m[0;92mexit -255[38;5;247m|                                      [[0;92mOK[38;5;247m]
[38;5;247m  67.  |[38;5;247m[0;92mexit 256[38;5;247m|                                       [[0;92mOK[38;5;247m]
[38;5;247m  68.  |[38;5;247m[0;92mexit -256[38;5;247m|                                      [[0;92mOK[38;5;247m]
[38;5;247m  69.  |[38;5;247m[0;92mexit 2147483647[38;5;247m|                                [[0;92mOK[38;5;247m]
[38;5;247m  70.  |[38;5;247m[0;92mexit 2147483648[38;5;247m|                                [[0;92mOK[38;5;247m]
[38;5;247m  71.  |[38;5;247m[0;92mexit -2147483648[38;5;247m|                               [[0;92mOK[38;5;247m]
[38;5;247m  72.  |[38;5;247m[0;92mexit -2147483649[38;5;247m|                               [[0;92mOK[38;5;247m]
[38;5;247m  73.  |[38;5;247m[0;92mexit 4294967295[38;5;247m|                                [[0;92mOK[38;5;247m]
[38;5;247m  74.  |[38;5;247m[0;92mexit 4294967296[38;5;247m|                                [[0;92mOK[38;5;247m]
[38;5;247m  75.  |[38;5;247m[0;92mexit -4294967296[38;5;247m|                               [[0;92mOK[38;5;247m]
[38;5;247m  76.  |[38;5;247m[0;92mexit -4294967297[38;5;247m|                               [[0;92mOK[38;5;247m]
[38;5;247m  77.  |[38;5;247m[0;92mexit 9223372036854775807[38;5;247m|                       [[0;92mOK[38;5;247m]
[38;5;247m  78.  |[38;5;247m[0;91mexit 9223372036854775808[38;5;247m|                       [[0;91mK0[38;5;247m]
[38;5;247m  79.  |[38;5;247m[0;92mexit -9223372036854775808[38;5;247m|                      [[0;92mOK[38;5;247m]
[38;5;247m  80.  |[38;5;247m[0;91mexit -9223372036854775809[38;5;247m|                      [[0;91mK0[38;5;247m]
[38;5;247m  81.  |[38;5;247m[0;91mexit 18446744073709551615[38;5;247m|                      [[0;91mK0[38;5;247m]
[38;5;247m  82.  |[38;5;247m[0;91mexit 18446744073709551616[38;5;247m|                      [[0;91mK0[38;5;247m]
[38;5;247m  83.  |[38;5;247m[0;91mexit -18446744073709551616[38;5;247m|                     [[0;91mK0[38;5;247m]
[38;5;247m  84.  |[38;5;247m[0;91mexit -18446744073709551617[38;5;247m|                     [[0;91mK0[38;5;247m]
[38;5;247m  85.  |[38;5;247m[0;91mexit 9999999999999999999999[38;5;247m|                    [[0;91mK0[38;5;247m]
[38;5;247m  86.  |[38;5;247m[0;92mexit 0000000000000000000000[38;5;247m|                    [[0;92mOK[38;5;247m]
[38;5;247m  87.  |[38;5;247m[0;92mexit 0000000000000000000001[38;5;247m|                    [[0;92mOK[38;5;247m]
[38;5;247m  88.  |[38;5;247m[0;92mexit 1 2 3[38;5;247m|                                     [[0;92mOK[38;5;247m]
[38;5;247m  89.  |[38;5;247m[0;92mecho should not exit[38;5;247m|                           [[0;92mOK[38;5;247m]
[38;5;247m  90.  |[38;5;247m[0;92mexit 1 not numeric bro[38;5;247m|                         [[0;92mOK[38;5;247m]
[38;5;247m  91.  |[38;5;247m[0;92mexit not numeric bro 2[38;5;247m|                         [[0;92mOK[38;5;247m]
[38;5;247m  92.  |[38;5;247m[0;92mexit 42 | cat[38;5;247m|                                  [[0;92mOK[38;5;247m]
[38;5;247m  93.  |[38;5;247m[0;92mecho is not a buildin![38;5;247m|                         [[0;92mOK[38;5;247m]
[38;5;247m  94.  |[38;5;247m[0;92mnot found then exit[38;5;247m|                            [[0;92mOK[38;5;247m]
[38;5;247m  95.  |[38;5;247m[0;92mnot found then exit 1[38;5;247m|                          [[0;92mOK[38;5;247m]
[38;5;247m  96.  |[38;5;247m[0;92mpermission deny then exit[38;5;247m|                      [[0;92mOK[38;5;247m]
[38;5;247m  97.  |[38;5;247m[0;92mpermission deny then exit 1[38;5;247m|                    [[0;92mOK[38;5;247m]
[38;5;247m

  It seems that there are some tests that have not passed...

  To see full failure traces -> traces/exit_trace.txt

[38;5;247m
|========================[ DIRECTORY ]=======================|[38;5;247m[38;5;247m


[38;5;247m[38;5;247m  98.  |[38;5;247m[0;92mpwd[38;5;247m|                                            [[0;92mOK[38;5;247m]
[38;5;247m  99.  |[38;5;247m[0;92mcd[38;5;247m|                                             [[0;92mOK[38;5;247m]
[38;5;247m  100. |[38;5;247m[0;91mcd ""[38;5;247m|                                          [[0;91mK0[38;5;247m]
[38;5;247m  101. |[38;5;247m[0;91mcd " "[38;5;247m|                                         [[0;91mK0[38;5;247m]
[38;5;247m  102. |[38;5;247m[0;91mcd "" ""[38;5;247m|                                       [[0;91mK0[38;5;247m]
[38;5;247m  103. |[38;5;247m[0;91mcd / non_existent[38;5;247m|                              [[0;91mK0[38;5;247m]
[38;5;247m  104. |[38;5;247m[0;92mcd /.[38;5;247m|                                          [[0;92mOK[38;5;247m]
[38;5;247m  105. |[38;5;247m[0;92mcd //[38;5;247m|                                          [[0;92mOK[38;5;247m]
[38;5;247m  106. |[38;5;247m[0;91mcd ' / '[38;5;247m|                                       [[0;91mK0[38;5;247m]
[38;5;247m  107. |[38;5;247m[0;92mpwd[38;5;247m|                                            [[0;92mOK[38;5;247m]
[38;5;247m  108. |[38;5;247m[0;92mpwd argument[38;5;247m|                                   [[0;92mOK[38;5;247m]
[38;5;247m  109. |[38;5;247m[0;92mpwd argument1 argument2[38;5;247m|                        [[0;92mOK[38;5;247m]
[38;5;247m  110. |[38;5;247m[0;91mcd file[38;5;247m|                                        [[0;91mK0[38;5;247m]
[38;5;247m  111. |[38;5;247m[0;91mcd file (no permission)[38;5;247m|                        [[0;91mK0[38;5;247m]
[38;5;247m  112. |[38;5;247m[0;91mcd file/non_existent[38;5;247m|                           [[0;91mK0[38;5;247m]
[38;5;247m  113. |[38;5;247m[0;91mcd non_exist[38;5;247m|                                   [[0;91mK0[38;5;247m]
[38;5;247m  114. |[38;5;247m[0;92mcd ..[38;5;247m|                                          [[0;92mOK[38;5;247m]
[38;5;247m  115. |[38;5;247m[0;91mcd ~[38;5;247m|                                           [[0;91mK0[38;5;247m]
[38;5;247m  116. |[38;5;247m[0;91mcd ~[38;5;247m|                                           [[0;91mK0[38;5;247m]
[38;5;247m  117. |[38;5;247m[0;92mcd .[38;5;247m|                                           [[0;92mOK[38;5;247m]
[38;5;247m  118. |[38;5;247m[0;91mcd testdirtest(no permision)[38;5;247m|                   [[0;91mK0[38;5;247m]
[38;5;247m  119. |[38;5;247m[0;91mcd maxpathlen[38;5;247m|                                  [[0;91mK0[38;5;247m]
[38;5;247m  120. |[38;5;247m[0;91mcd maxpathlen + 1[38;5;247m|                              [[0;91mK0[38;5;247m]
[38;5;247m

  It seems that there are some tests that have not passed...

  To see full failure traces -> traces/directory_trace.txt

[38;5;247m
|=========================[ PARSER ]=========================|[38;5;247m

    ----------------------[ dollar ]---------------------

[38;5;247m  121. |[38;5;247m[0;92mecho $?[38;5;247m|                                        [[0;92mOK[38;5;247m]
[38;5;247m  122. |[38;5;247m[0;92mecho $[38;5;247m|                                         [[0;92mOK[38;5;247m]
[38;5;247m  123. |[38;5;247m[0;92mecho hi$[38;5;247m|                                       [[0;92mOK[38;5;247m]
[38;5;247m  124. |[38;5;247m[0;91mecho '$ '[38;5;247m|                                      [[0;91mK0[38;5;247m]
[38;5;247m  125. |[38;5;247m[0;92mecho $/[38;5;247m|                                        [[0;92mOK[38;5;247m]
[38;5;247m  126. |[38;5;247m[0;91mecho "'$'"[38;5;247m|                                     [[0;91mK0[38;5;247m]
[38;5;247m  127. |[38;5;247m[0;91mecho $'\n'[38;5;247m|                                     [[0;91mK0[38;5;247m]
[38;5;247m  128. |[38;5;247m[0;91mecho $'\r'[38;5;247m|                                     [[0;91mK0[38;5;247m]
[38;5;247m  129. |[38;5;247m[0;91mecho $'\t'[38;5;247m|                                     [[0;91mK0[38;5;247m]
[38;5;247m  130. |[38;5;247m[0;92mecho $USER[38;5;247m|                                     [[0;92mOK[38;5;247m]
[38;5;247m  131. |[38;5;247m[0;92mecho $NONEXIST[38;5;247m|                                 [[0;92mOK[38;5;247m]
[38;5;247m  132. |[38;5;247m[0;91mecho $USER$PATH$PWD[38;5;247m|                            [[0;91mK0[38;5;247m]
[38;5;247m  133. |[38;5;247m[0;91mecho "$USER$PATH$PWD"[38;5;247m|                          [[0;91mK0[38;5;247m]
[38;5;247m  134. |[38;5;247m[0;91mecho '$USER$PATH$PWD'[38;5;247m|                          [[0;91mK0[38;5;247m]
[38;5;247m  135. |[38;5;247m[0;91mecho '$USER",$PATH,$PWD'[38;5;247m|                       [[0;91mK0[38;5;247m]
[38;5;247m  136. |[38;5;247m[0;91mecho $USER"$PATH"$PWD"USER"$PATH"$PWD"[38;5;247m|         [[0;91mK0[38;5;247m]
[38;5;247m  137. |[38;5;247m[0;91mecho $USER'$PATH'$PWD'USER'$PATH'$PWD'[38;5;247m|         [[0;91mK0[38;5;247m]
[38;5;247m  138. |[38;5;247m[0;91m$NONEXIST[38;5;247m|                                      [[0;91mK0[38;5;247m]
[38;5;247m  139. |[38;5;247m[0;91m$NONEXIST $NONEXIST[38;5;247m|                            [[0;91mK0[38;5;247m]
[38;5;247m  140. |[38;5;247m[0;91mVAR: export TMPENVVAR[38;5;247m|                          [[0;91mK0[38;5;247m]
[38;5;247m  141. |[38;5;247m[0;92mVAR: export TMPENVVAR=echo[38;5;247m|                     [[0;92mOK[38;5;247m]
[38;5;247m  142. |[38;5;247m[0;92mVAR: export TMPENVVAR="  echo"[38;5;247m|                 [[0;92mOK[38;5;247m]
[38;5;247m  143. |[38;5;247m[0;92mVAR: export TMPENVVAR="    EcHO   hi"[38;5;247m|          [[0;92mOK[38;5;247m]
[38;5;247m  144. |[38;5;247m[0;92mVAR: export TMPENVVAR="-n"[38;5;247m|                     [[0;92mOK[38;5;247m]
[38;5;247m  145. |[38;5;247m[0;92mVAR: export TMPENVVAR="-n -n"[38;5;247m|                  [[0;92mOK[38;5;247m]
[38;5;247m  146. |[38;5;247m[0;91mecho $A"$B"$C"A"$B"$C"[38;5;247m|                         [[0;91mK0[38;5;247m]
[38;5;247m  147. |[38;5;247m[0;91mecho $A'$B'$C'A'$B'$C'[38;5;247m|                         [[0;91mK0[38;5;247m]
[38;5;247m  148. |[38;5;247m[0;91mecho $A"$B"$C"A"$B"$C"[38;5;247m|                         [[0;91mK0[38;5;247m]
[38;5;247m  149. |[38;5;247m[0;91mecho $A'$B'$C'A'$B'$C'[38;5;247m|                         [[0;91mK0[38;5;247m]
[38;5;247m  150. |[38;5;247m[0;92mecho $A[38;5;247m|                                        [[0;92mOK[38;5;247m]
[38;5;247m  151. |[38;5;247m[0;92mecho $A$B[38;5;247m|                                      [[0;92mOK[38;5;247m]
[38;5;247m  152. |[38;5;247m[0;92mecho $A$B$C[38;5;247m|                                    [[0;92mOK[38;5;247m]
[38;5;247m  153. |[38;5;247m[0;91mecho $A$B$C$AA[38;5;247m|                                 [[0;91mK0[38;5;247m]

    ----------------------[ quotes ]---------------------

[38;5;247m  154. |[38;5;247m[0;91mecho "~"ups[38;5;247m|                                    [[0;91mK0[38;5;247m]
[38;5;247m  155. |[38;5;247m[0;91mecho '~'ups[38;5;247m|                                    [[0;91mK0[38;5;247m]
[38;5;247m  156. |[38;5;247m[0;91mecho "'$'"[38;5;247m|                                     [[0;91mK0[38;5;247m]
[38;5;247m  157. |[38;5;247m[0;91mecho '"$"'[38;5;247m|                                     [[0;91mK0[38;5;247m]
[38;5;247m  158. |[38;5;247m[0;91mecho "|$USER|"[38;5;247m|                                 [[0;91mK0[38;5;247m]
[38;5;247m  159. |[38;5;247m[0;91mecho "|$USE|"[38;5;247m|                                  [[0;91mK0[38;5;247m]
[38;5;247m  160. |[38;5;247m[0;91mecho "|$USER_|"[38;5;247m|                                [[0;91mK0[38;5;247m]
[38;5;247m  161. |[38;5;247m[0;91mecho '|$USER|'[38;5;247m|                                 [[0;91mK0[38;5;247m]
[38;5;247m  162. |[38;5;247m[0;91mecho '|$USE|'[38;5;247m|                                  [[0;91mK0[38;5;247m]
[38;5;247m  163. |[38;5;247m[0;91mecho '|$USER_|'[38;5;247m|                                [[0;91mK0[38;5;247m]
[38;5;247m  164. |[38;5;247m[0;91m'echo' hi[38;5;247m|                                      [[0;91mK0[38;5;247m]
[38;5;247m  165. |[38;5;247m[0;91m'''echo' hi[38;5;247m|                                    [[0;91mK0[38;5;247m]
[38;5;247m  166. |[38;5;247m[0;91m'echo' 'hi'[38;5;247m|                                    [[0;91mK0[38;5;247m]
[38;5;247m  167. |[38;5;247m[0;91m'echo' 'hi'''[38;5;247m|                                  [[0;91mK0[38;5;247m]
[38;5;247m  168. |[38;5;247m[0;91m'echo' 'hi' ''[38;5;247m|                                 [[0;91mK0[38;5;247m]
[38;5;247m  169. |[38;5;247m[0;91m"echo" hi[38;5;247m|                                      [[0;91mK0[38;5;247m]
[38;5;247m  170. |[38;5;247m[0;91m"""echo" hi[38;5;247m|                                    [[0;91mK0[38;5;247m]
[38;5;247m  171. |[38;5;247m[0;91m"echo" "hi"[38;5;247m|                                    [[0;91mK0[38;5;247m]
[38;5;247m  172. |[38;5;247m[0;91m"echo" "hi"""[38;5;247m|                                  [[0;91mK0[38;5;247m]
[38;5;247m  173. |[38;5;247m[0;91m"echo" "hi" ""[38;5;247m|                                 [[0;91mK0[38;5;247m]
[38;5;247m  174. |[38;5;247m[0;91mecho '""""""""""""'[38;5;247m|                            [[0;91mK0[38;5;247m]
[38;5;247m  175. |[38;5;247m[0;91m'echo' "hi"'' " ' "' "' "" ''''''""[38;5;247m|            [[0;91mK0[38;5;247m]
[38;5;247m  176. |[38;5;247m[0;91mecho hi"hi" hi'h"i'[38;5;247m|                            [[0;91mK0[38;5;247m]
[38;5;247m  177. |[38;5;247m[0;91mecho "hi" "hi"[38;5;247m|                                 [[0;91mK0[38;5;247m]
[38;5;247m  178. |[38;5;247m[0;91mecho "hi"  "hi"[38;5;247m|                                [[0;91mK0[38;5;247m]
[38;5;247m  179. |[38;5;247m[0;91mecho "hi"tab"hi"[38;5;247m|                               [[0;91mK0[38;5;247m]
[38;5;247m  180. |[38;5;247m[0;91m" echo"[38;5;247m|                                        [[0;91mK0[38;5;247m]
[38;5;247m  181. |[38;5;247m[0;91m' echo'[38;5;247m|                                        [[0;91mK0[38;5;247m]
[38;5;247m  182. |[38;5;247m[0;91m""echo[38;5;247m|                                         [[0;91mK0[38;5;247m]
[38;5;247m  183. |[38;5;247m[0;91m" "echo[38;5;247m|                                        [[0;91mK0[38;5;247m]
[38;5;247m  184. |[38;5;247m[0;91m''echo[38;5;247m|                                         [[0;91mK0[38;5;247m]
[38;5;247m  185. |[38;5;247m[0;91m' 'echo[38;5;247m|                                        [[0;91mK0[38;5;247m]
[38;5;247m  186. |[38;5;247m[0;91m''''''''''echo hi[38;5;247m|                              [[0;91mK0[38;5;247m]
[38;5;247m  187. |[38;5;247m[0;91m""""""""""echo hi[38;5;247m|                              [[0;91mK0[38;5;247m]
[38;5;247m  188. |[38;5;247m[0;91m"e"'c'h"o" hi[38;5;247m|                                  [[0;91mK0[38;5;247m]
[38;5;247m  189. |[38;5;247m[0;91mec""ho hi[38;5;247m|                                      [[0;91mK0[38;5;247m]
[38;5;247m  190. |[38;5;247m[0;91mec""h''o hi[38;5;247m|                                    [[0;91mK0[38;5;247m]
[38;5;247m  191. |[38;5;247m[0;92mEcHo hi[38;5;247m|                                        [[0;92mOK[38;5;247m]
[38;5;247m  192. |[38;5;247m[0;92mECHO hi[38;5;247m|                                        [[0;92mOK[38;5;247m]
[38;5;247m  193. |[38;5;247m[0;91m"ECHO" hi[38;5;247m|                                      [[0;91mK0[38;5;247m]
[38;5;247m  194. |[38;5;247m[0;91m'ECHO' hi[38;5;247m|                                      [[0;91mK0[38;5;247m]
[38;5;247m  195. |[38;5;247m[0;92mecho    t  hi   t[38;5;247m|                              [[0;92mOK[38;5;247m]
[38;5;247m  196. |[38;5;247m[0;91mecho "   t  hi   t    "[38;5;247m|                        [[0;91mK0[38;5;247m]
[38;5;247m  197. |[38;5;247m[0;91mecho '   t  hi   t    '[38;5;247m|                        [[0;91mK0[38;5;247m]
[38;5;247m  198. |[38;5;247m[0;91mecho $"   t  hi   t    "[38;5;247m|                       [[0;91mK0[38;5;247m]
[38;5;247m  199. |[38;5;247m[0;91mecho $'   t  hi   t    '[38;5;247m|                       [[0;91mK0[38;5;247m]
[38;5;247m  200. |[38;5;247m[0;91mecho $'   r  hi   t    '[38;5;247m|                       [[0;91mK0[38;5;247m]
[38;5;247m  201. |[38;5;247m[0;91mecho hi > "fi le"[38;5;247m|                              [[0;91mK0[38;5;247m]
[38;5;247m  202. |[38;5;247m[0;91mecho hi > 'fi le'[38;5;247m|                              [[0;91mK0[38;5;247m]
[38;5;247m  203. |[38;5;247m[0;92mecho $ANA_VAR with spaces in var value[38;5;247m|         [[0;92mOK[38;5;247m]
[38;5;247m  204. |[38;5;247m[0;91mecho "$ANA_VAR" with spaces in var value[38;5;247m|       [[0;91mK0[38;5;247m]
[38;5;247m  205. |[38;5;247m[0;91mecho '$ANA_VAR' with spaces in var value[38;5;247m|       [[0;91mK0[38;5;247m]

    ----------------------[ spaces ]---------------------

[38;5;247m  206. |[38;5;247m[0;92m""[38;5;247m|                                             [[0;92mOK[38;5;247m]
[38;5;247m  207. |[38;5;247m[0;91m" "[38;5;247m|                                            [[0;91mK0[38;5;247m]
[38;5;247m  208. |[38;5;247m[0;92m\techo hi[38;5;247m|                                      [[0;92mOK[38;5;247m]
[38;5;247m  209. |[38;5;247m[0;92mecho\thi[38;5;247m|                                       [[0;92mOK[38;5;247m]
[38;5;247m  210. |[38;5;247m[0;92m\techo\thi[38;5;247m|                                     [[0;92mOK[38;5;247m]
[38;5;247m  211. |[38;5;247m[0;92m\techo\thi[38;5;247m|                                     [[0;92mOK[38;5;247m]
[38;5;247m  212. |[38;5;247m[0;92m  \techo\thi[38;5;247m|                                   [[0;92mOK[38;5;247m]
[38;5;247m  213. |[38;5;247m[0;92m\techo\t   hi[38;5;247m|                                  [[0;92mOK[38;5;247m]
[38;5;247m  214. |[38;5;247m[0;92mmany tabs[38;5;247m|                                      [[0;92mOK[38;5;247m]
[38;5;247m  215. |[38;5;247m[0;92mmany spaces[38;5;247m|                                    [[0;92mOK[38;5;247m]

    -----------------------[ tilde ]---------------------

[38;5;247m  216. |[38;5;247m[0;91m~[38;5;247m|                                              [[0;91mK0[38;5;247m]
[38;5;247m  217. |[38;5;247m[0;92mecho hi~[38;5;247m|                                       [[0;92mOK[38;5;247m]
[38;5;247m  218. |[38;5;247m[0;91mecho ~[38;5;247m|                                         [[0;91mK0[38;5;247m]
[38;5;247m  219. |[38;5;247m[0;91mecho ~/path[38;5;247m|                                    [[0;91mK0[38;5;247m]
[38;5;247m  220. |[38;5;247m[0;92mecho ~$USER[38;5;247m|                                    [[0;92mOK[38;5;247m]
[38;5;247m  221. |[38;5;247m[0;92mecho ~false[38;5;247m|                                    [[0;92mOK[38;5;247m]
[38;5;247m  222. |[38;5;247m[0;91mecho ~[38;5;247m|                                         [[0;91mK0[38;5;247m]
[38;5;247m  223. |[38;5;247m[0;91mecho ~$USER/sdfsfsfdsfs[38;5;247m|                        [[0;91mK0[38;5;247m]
[38;5;247m  224. |[38;5;247m[0;91m echo ~[38;5;247m|                                        [[0;91mK0[38;5;247m]

    -------------------[ syntax_error ]------------------

[38;5;247m  225. |[38;5;247m[0;92mtest[38;5;247m|                                           [[0;92mOK[38;5;247m]
[38;5;247m  226. |[38;5;247m[0;91m|test[38;5;247m|                                          [[0;91mK0[38;5;247m]
[38;5;247m  227. |[38;5;247m[0;91m| test[38;5;247m|                                         [[0;91mK0[38;5;247m]
[38;5;247m  228. |[38;5;247m[0;91m< | test[38;5;247m|                                       [[0;91mK0[38;5;247m]
[38;5;247m  229. |[38;5;247m[0;91m<< | test[38;5;247m|                                      [[0;91mK0[38;5;247m]
[38;5;247m  230. |[38;5;247m[0;91m> | test[38;5;247m|                                       [[0;91mK0[38;5;247m]
[38;5;247m  231. |[38;5;247m[0;91m>> | test[38;5;247m|                                      [[0;91mK0[38;5;247m]
[38;5;247m  232. |[38;5;247m[0;91m| < test[38;5;247m|                                       [[0;93mSF[38;5;247m]
[38;5;247m  233. |[38;5;247m[0;91m| << test[38;5;247m|                                      [[0;93mSF[38;5;247m]
[38;5;247m  234. |[38;5;247m[0;91m| > test[38;5;247m|                                       [[0;93mSF[38;5;247m]
[38;5;247m  235. |[38;5;247m[0;91m| >> test[38;5;247m|                                      [[0;93mSF[38;5;247m]
[38;5;247m  236. |[38;5;247m[0;91m| test[38;5;247m|                                         [[0;91mK0[38;5;247m]
[38;5;247m  237. |[38;5;247m[0;91mtest | >[38;5;247m|                                       [[0;93mSF[38;5;247m]
[38;5;247m  238. |[38;5;247m[0;91mtest | >>[38;5;247m|                                      [[0;93mSF[38;5;247m]
[38;5;247m  239. |[38;5;247m[0;91mtest | <[38;5;247m|                                       [[0;93mSF[38;5;247m]
[38;5;247m  240. |[38;5;247m[0;92mecho hiecho hi[38;5;247m|                                 [[0;92mOK[38;5;247m]
[38;5;247m  241. |[38;5;247m[0;92mecho hi|echo hi[38;5;247m|                                [[0;92mOK[38;5;247m]
[38;5;247m  242. |[38;5;247m[0;92mecho hi |echo hi[38;5;247m|                               [[0;92mOK[38;5;247m]
[38;5;247m  243. |[38;5;247m[0;92mecho hi| echo hi[38;5;247m|                               [[0;92mOK[38;5;247m]
[38;5;247m  244. |[38;5;247m[0;91mecho hi | | echo hi[38;5;247m|                            [[0;91mK0[38;5;247m]
[38;5;247m  245. |[38;5;247m[0;91mecho hi ||| echo hi[38;5;247m|                            [[0;91mK0[38;5;247m]
[38;5;247m  246. |[38;5;247m[0;91mecho >[38;5;247m|                                         [[0;93mSF[38;5;247m]
[38;5;247m  247. |[38;5;247m[0;91mecho >>[38;5;247m|                                        [[0;93mSF[38;5;247m]
[38;5;247m  248. |[38;5;247m[0;91mecho <[38;5;247m|                                         [[0;93mSF[38;5;247m]
[38;5;247m  249. |[38;5;247m[0;91mecho >>>[38;5;247m|                                       [[0;93mSF[38;5;247m]
[38;5;247m  250. |[38;5;247m[0;91mecho <<<[38;5;247m|                                       [[0;93mSF[38;5;247m]
[38;5;247m  251. |[38;5;247m[0;91mecho hi >< file[38;5;247m|                                [[0;91mK0[38;5;247m]
[38;5;247m

  It seems that there are some tests that have not passed...
  and your minishell gives [0;91msegmentation fault[38;5;247m at tests:
  [ 232 233 234 235 237 238 239 246 247 248 249 250 ]

  To see full failure traces -> traces/parse/*.txt

[38;5;247m
|=========================[ PIPES ]==========================|[38;5;247m[38;5;247m


[38;5;247m[38;5;247m  252. |[38;5;247m[0;92mecho | /bin/cat[38;5;247m|                                [[0;92mOK[38;5;247m]
[38;5;247m  253. |[38;5;247m[0;92mecho hi | /bin/cat[38;5;247m|                             [[0;92mOK[38;5;247m]
[38;5;247m  254. |[38;5;247m[0;92mcat /etc/shells | head -c 10[38;5;247m|                   [[0;92mOK[38;5;247m]
[38;5;247m  255. |[38;5;247m[0;92mcat -e /etc/shells | head -c 10[38;5;247m|                [[0;92mOK[38;5;247m]
[38;5;247m  256. |[38;5;247m[0;92mcat -e /etc/shells | cat -e | head -c 10[38;5;247m|       [[0;92mOK[38;5;247m]
[38;5;247m  257. |[38;5;247m[0;92mcat -e /etc/shells | cat -e | cat -e | h...[38;5;247m|    [[0;92mOK[38;5;247m]
[38;5;247m  258. |[38;5;247m[0;92mecho hola | cat[38;5;247m|                                [[0;92mOK[38;5;247m]
[38;5;247m  259. |[38;5;247m[0;92mecho hola | cat -e[38;5;247m|                             [[0;92mOK[38;5;247m]
[38;5;247m  260. |[38;5;247m[0;92mecho hola | cat -e | cat -n[38;5;247m|                    [[0;92mOK[38;5;247m]
[38;5;247m  261. |[38;5;247m[0;92mecho hola with many pipes cat -e[38;5;247m|               [[0;92mOK[38;5;247m]
[38;5;247m  262. |[38;5;247m[0;92mls | cat -e[38;5;247m|                                    [[0;92mOK[38;5;247m]
[38;5;247m  263. |[38;5;247m[0;92mls -l | cat -e[38;5;247m|                                 [[0;92mOK[38;5;247m]
[38;5;247m  264. |[38;5;247m[0;92mls -l | cat -e | cat | cat | cat[38;5;247m|               [[0;92mOK[38;5;247m]
[38;5;247m  265. |[38;5;247m[0;92mls -l | cat -e | cat -e | cat -e | cat -e[38;5;247m|      [[0;92mOK[38;5;247m]
[38;5;247m  266. |[38;5;247m[0;92mecho hola | asdf[38;5;247m|                               [[0;92mOK[38;5;247m]
[38;5;247m  267. |[38;5;247m[0;91masdf | echo hola[38;5;247m|                               [[0;91mK0[38;5;247m]
[38;5;247m  268. |[38;5;247m[0;92mcat | cat | cat | ls[38;5;247m|                           [[0;92mOK[38;5;247m]
[38;5;247m  269. |[38;5;247m[0;92msleep 1 | ls | cat -n[38;5;247m|                          [[0;92mOK[38;5;247m]
[38;5;247m  270. |[38;5;247m[0;92mcd folder | pwd[38;5;247m|                                [[0;92mOK[38;5;247m]
[38;5;247m  271. |[38;5;247m[0;92mls pipes (255)[38;5;247m|                                 [[0;92mOK[38;5;247m]
[38;5;247m  272. |[38;5;247m[0;92mls pipes (256)[38;5;247m|                                 [[0;92mOK[38;5;247m]
[38;5;247m  273. |[38;5;247m[0;92mls pipes (257)[38;5;247m|                                 [[0;92mOK[38;5;247m]
[38;5;247m

  It seems that there are some tests that have not passed...

  To see full failure traces -> traces/pipes_trace.txt

[38;5;247m
|======================[ REDIRECTIONS ]======================|[38;5;247m[38;5;247m


[38;5;247m[38;5;247m  274. |[38;5;247m[0;91m> no_cmd_file[38;5;247m|                                  [[0;93mSF[38;5;247m]
[38;5;247m  275. |[38;5;247m[0;91m>> no_cmd_test[38;5;247m|                                 [[0;93mSF[38;5;247m]
[38;5;247m  276. |[38;5;247m[0;91mecho hola | > filepipe[38;5;247m|                         [[0;91mK0[38;5;247m]
[38;5;247m  277. |[38;5;247m[0;91m> file_first | > file_second[38;5;247m|                   [[0;91mK0[38;5;247m]
[38;5;247m  278. |[38;5;247m[0;91mecho hi > file[38;5;247m|                                 [[0;91mK0[38;5;247m]
[38;5;247m  279. |[38;5;247m[0;91mecho hi >> file[38;5;247m|                                [[0;91mK0[38;5;247m]
[38;5;247m  280. |[38;5;247m[0;91mecho hi > *.txt[38;5;247m|                                [[0;91mK0[38;5;247m]
[38;5;247m  281. |[38;5;247m[0;91mecho >> file hi[38;5;247m|                                [[0;91mK0[38;5;247m]
[38;5;247m  282. |[38;5;247m[0;91mecho >> file2 hi[38;5;247m|                               [[0;91mK0[38;5;247m]
[38;5;247m  283. |[38;5;247m[0;91m> file echo hi[38;5;247m|                                 [[0;91mK0[38;5;247m]
[38;5;247m  284. |[38;5;247m[0;91m>> file echo hi[38;5;247m|                                [[0;91mK0[38;5;247m]
[38;5;247m  285. |[38;5;247m[0;91mecho hi > file2 > file hi[38;5;247m|                      [[0;91mK0[38;5;247m]
[38;5;247m  286. |[38;5;247m[0;91mecho hi >> file2 > file hi[38;5;247m|                     [[0;91mK0[38;5;247m]
[38;5;247m  287. |[38;5;247m[0;91mecho hi > file2 >> file hi[38;5;247m|                     [[0;91mK0[38;5;247m]
[38;5;247m  288. |[38;5;247m[0;91mecho hi > file2 > file hi[38;5;247m|                      [[0;91mK0[38;5;247m]
[38;5;247m  289. |[38;5;247m[0;91mecho hi >> file2 >> file hi[38;5;247m|                    [[0;91mK0[38;5;247m]
[38;5;247m  290. |[38;5;247m[0;91mecho hi>file2>file hi[38;5;247m|                          [[0;91mK0[38;5;247m]
[38;5;247m  291. |[38;5;247m[0;91mecho hi>>file2>>file hi[38;5;247m|                        [[0;91mK0[38;5;247m]
[38;5;247m  292. |[38;5;247m[0;91mecho hi > file3 > file2 > file hi[38;5;247m|              [[0;91mK0[38;5;247m]
[38;5;247m  293. |[38;5;247m[0;91mecho hi > file3 >> file2 > file hi[38;5;247m|             [[0;91mK0[38;5;247m]
[38;5;247m  294. |[38;5;247m[0;91mecho hi > file3 > file2 >> file hi[38;5;247m|             [[0;91mK0[38;5;247m]
[38;5;247m  295. |[38;5;247m[0;91mecho hi >> file3 > file2 > file hi[38;5;247m|             [[0;91mK0[38;5;247m]
[38;5;247m  296. |[38;5;247m[0;91mecho hi >> file3 > file2 >> file hi[38;5;247m|            [[0;91mK0[38;5;247m]
[38;5;247m  297. |[38;5;247m[0;91mecho hi >> file3 >> file2 > file hi[38;5;247m|            [[0;91mK0[38;5;247m]
[38;5;247m  298. |[38;5;247m[0;91mecho hi>file3>file2>file hi[38;5;247m|                    [[0;91mK0[38;5;247m]
[38;5;247m  299. |[38;5;247m[0;91m> file3 echo hi > file2 > file hi[38;5;247m|              [[0;91mK0[38;5;247m]
[38;5;247m  300. |[38;5;247m[0;91m> file3 echo hi > file2 >> file hi[38;5;247m|             [[0;91mK0[38;5;247m]
[38;5;247m  301. |[38;5;247m[0;91m>> file3 echo hi > file2 > file hi[38;5;247m|             [[0;91mK0[38;5;247m]
[38;5;247m  302. |[38;5;247m[0;91m> file3 echo hi >> file2 > file hi[38;5;247m|             [[0;91mK0[38;5;247m]
[38;5;247m  303. |[38;5;247m[0;91m>file3 echo hi>file2>file hi[38;5;247m|                   [[0;91mK0[38;5;247m]
[38;5;247m  304. |[38;5;247m[0;91mecho hi >filea>fileb>filec hi[38;5;247m|                  [[0;91mK0[38;5;247m]
[38;5;247m  305. |[38;5;247m[0;91mecho hi >filea>>fileb>filec hi[38;5;247m|                 [[0;91mK0[38;5;247m]
[38;5;247m  306. |[38;5;247m[0;91mecho hi >filea>fileb>>filec hi[38;5;247m|                 [[0;91mK0[38;5;247m]
[38;5;247m  307. |[38;5;247m[0;91mecho hi >>filea>fileb>filec hi[38;5;247m|                 [[0;91mK0[38;5;247m]
[38;5;247m  308. |[38;5;247m[0;91mecho hi > "doble"quote[38;5;247m|                         [[0;91mK0[38;5;247m]
[38;5;247m  309. |[38;5;247m[0;91mecho hi >"doble"quote[38;5;247m|                          [[0;91mK0[38;5;247m]
[38;5;247m  310. |[38;5;247m[0;91mecho -n hi >>"doble"quote[38;5;247m|                      [[0;91mK0[38;5;247m]
[38;5;247m  311. |[38;5;247m[0;91mecho hi > 'simple'quote[38;5;247m|                        [[0;91mK0[38;5;247m]
[38;5;247m  312. |[38;5;247m[0;91mecho hi >'simple'quote[38;5;247m|                         [[0;91mK0[38;5;247m]
[38;5;247m  313. |[38;5;247m[0;91mecho -n hi >>'simple'quote[38;5;247m|                     [[0;91mK0[38;5;247m]
[38;5;247m  314. |[38;5;247m[0;91mecho hi > 'with spaces'[38;5;247m|                        [[0;91mK0[38;5;247m]
[38;5;247m  315. |[38;5;247m[0;91mecho hi >>'with spaces'[38;5;247m|                        [[0;91mK0[38;5;247m]
[38;5;247m  316. |[38;5;247m[0;91mecho hi > "mixed"'file 'name[38;5;247m|                   [[0;91mK0[38;5;247m]
[38;5;247m  317. |[38;5;247m[0;91mecho hi >> "mixed"'file 'name[38;5;247m|                  [[0;91mK0[38;5;247m]
[38;5;247m  318. |[38;5;247m[0;91mecho hi 0> file[38;5;247m|                                [[0;91mK0[38;5;247m]
[38;5;247m  319. |[38;5;247m[0;91m4> file[38;5;247m|                                        [[0;91mK0[38;5;247m]
[38;5;247m  320. |[38;5;247m[0;91mecho hi > testfolder[38;5;247m|                           [[0;91mK0[38;5;247m]
[38;5;247m  321. |[38;5;247m[0;91mecho hi >> testfolder[38;5;247m|                          [[0;91mK0[38;5;247m]
[38;5;247m  322. |[38;5;247m[0;91mecho hi 2> testfolder[38;5;247m|                          [[0;91mK0[38;5;247m]
[38;5;247m  323. |[38;5;247m[0;91mecho hi 2>> testfolder[38;5;247m|                         [[0;91mK0[38;5;247m]
[38;5;247m  324. |[38;5;247m[0;91mecho hi > testfolder[38;5;247m|                           [[0;91mK0[38;5;247m]
[38;5;247m  325. |[38;5;247m[0;91mecho hi >> testfolder[38;5;247m|                          [[0;91mK0[38;5;247m]
[38;5;247m  326. |[38;5;247m[0;91mecho hi 2> testfolder[38;5;247m|                          [[0;91mK0[38;5;247m]
[38;5;247m  327. |[38;5;247m[0;91mecho hi 2>> testfolder[38;5;247m|                         [[0;91mK0[38;5;247m]
[38;5;247m  328. |[38;5;247m[0;91mecho > file hi (no permision)[38;5;247m|                  [[0;91mK0[38;5;247m]
[38;5;247m  329. |[38;5;247m[0;91mecho >> file2 hi (no permision)[38;5;247m|                [[0;91mK0[38;5;247m]
[38;5;247m  330. |[38;5;247m[0;91m> file echo hi (no permision)[38;5;247m|                  [[0;91mK0[38;5;247m]
[38;5;247m  331. |[38;5;247m[0;91m>> file3 echo hi (no permision)[38;5;247m|                [[0;91mK0[38;5;247m]
[38;5;247m  332. |[38;5;247m[0;91mcat < file[38;5;247m|                                     [[0;91mK0[38;5;247m]
[38;5;247m  333. |[38;5;247m[0;91m< file cat < file2[38;5;247m|                             [[0;91mK0[38;5;247m]
[38;5;247m  334. |[38;5;247m[0;91mcat < nonexist[38;5;247m|                                 [[0;91mK0[38;5;247m]
[38;5;247m  335. |[38;5;247m[0;91mcat < $USER[38;5;247m|                                    [[0;91mK0[38;5;247m]
[38;5;247m  336. |[38;5;247m[0;91mcat < file3 (no permision)[38;5;247m|                     [[0;91mK0[38;5;247m]
[38;5;247m  337. |[38;5;247m[0;91mecho hi 2> error_outp < non_exist[38;5;247m|              [[0;91mK0[38;5;247m]
[38;5;247m  338. |[38;5;247m[0;91mecho hi < non_exist > wrong[38;5;247m|                    [[0;91mK0[38;5;247m]
[38;5;247m  339. |[38;5;247m[0;91m< non_exist echo hi > wrong[38;5;247m|                    [[0;91mK0[38;5;247m]
[38;5;247m  340. |[38;5;247m[0;91m> correct echo hi < non_exist[38;5;247m|                  [[0;91mK0[38;5;247m]
[38;5;247m

  It seems that there are some tests that have not passed...
  and your minishell gives [0;91msegmentation fault[38;5;247m at tests:
  [ 274 275 ]

  To see full failure traces -> traces/redirection_trace.txt

[38;5;247m
|=========================[ STATUS ]=========================|[38;5;247m[38;5;247m


[38;5;247m[38;5;247m  341. |[38;5;247m[0;91mecho $?[38;5;247m|                                        [[0;91mK0[38;5;247m]
[38;5;247m  342. |[38;5;247m[0;91m" "[38;5;247m|                                            [[0;91mK0[38;5;247m]
[38;5;247m  343. |[38;5;247m[0;92mecho $?[38;5;247m|                                        [[0;92mOK[38;5;247m]
[38;5;247m  344. |[38;5;247m[0;91mecho $?[38;5;247m|                                        [[0;91mK0[38;5;247m]
[38;5;247m  345. |[38;5;247m[0;91mcat < noexiste[38;5;247m|                                 [[0;91mK0[38;5;247m]
[38;5;247m  346. |[38;5;247m[0;91m echo $?[38;5;247m|                                       [[0;91mK0[38;5;247m]
[38;5;247m  347. |[38;5;247m[0;91mecho hola > noperm[38;5;247m|                             [[0;91mK0[38;5;247m]
[38;5;247m  348. |[38;5;247m[0;91m echo $?[38;5;247m|                                       [[0;91mK0[38;5;247m]
[38;5;247m  349. |[38;5;247m[0;91mecho hola < noperm[38;5;247m|                             [[0;91mK0[38;5;247m]
[38;5;247m  350. |[38;5;247m[0;92mecho $?[38;5;247m|                                        [[0;92mOK[38;5;247m]
[38;5;247m  351. |[38;5;247m[0;92msleep 1 | ls | cat -n[38;5;247m|                          [[0;92mOK[38;5;247m]
[38;5;247m  352. |[38;5;247m[0;91mecho $?[38;5;247m|                                        [[0;91mK0[38;5;247m]
[38;5;247m  353. |[38;5;247m[0;91msleep 1 | dddd[38;5;247m|                                 [[0;91mK0[38;5;247m]
[38;5;247m  354. |[38;5;247m[0;92m echo $?[38;5;247m|                                       [[0;92mOK[38;5;247m]
[38;5;247m  355. |[38;5;247m[0;92mnonexistcmd[38;5;247m|                                    [[0;92mOK[38;5;247m]
[38;5;247m  356. |[38;5;247m[0;91m echo $?[38;5;247m|                                       [[0;91mK0[38;5;247m]
[38;5;247m  357. |[38;5;247m[0;91mnonexistcmd | echo hi[38;5;247m|                          [[0;91mK0[38;5;247m]
[38;5;247m  358. |[38;5;247m[0;92m echo $?[38;5;247m|                                       [[0;92mOK[38;5;247m]
[38;5;247m  359. |[38;5;247m[0;92mecho hi | nonexistcmd[38;5;247m|                          [[0;92mOK[38;5;247m]
[38;5;247m  360. |[38;5;247m[0;91m echo $?[38;5;247m|                                       [[0;91mK0[38;5;247m]
[38;5;247m  361. |[38;5;247m[0;91mecho hi < nofile | nonexistcmd[38;5;247m|                 [[0;91mK0[38;5;247m]
[38;5;247m  362. |[38;5;247m[0;91m echo $?[38;5;247m|                                       [[0;91mK0[38;5;247m]
[38;5;247m  363. |[38;5;247m[0;91mecho hi < nofile | echo hii[38;5;247m|                    [[0;91mK0[38;5;247m]
[38;5;247m  364. |[38;5;247m[0;91mecho $?[38;5;247m|                                        [[0;91mK0[38;5;247m]
[38;5;247m  365. |[38;5;247m[0;91m/Users/nonexist/directory[38;5;247m|                      [[0;91mK0[38;5;247m]
[38;5;247m  366. |[38;5;247m[0;92mecho $?[38;5;247m|                                        [[0;92mOK[38;5;247m]
[38;5;247m  367. |[38;5;247m[0;92mcat /Users/nonexist/directory[38;5;247m|                  [[0;92mOK[38;5;247m]
[38;5;247m

  It seems that there are some tests that have not passed...

  To see full failure traces -> traces/status_trace.txt

[38;5;247m
|=======================[ SHLVL TESTS ]======================|[38;5;247m[38;5;247m


[38;5;247m[38;5;247m  368. |[38;5;247m[0;91mecho $SHLVL 'entry value 20'[38;5;247m|                   [[0;91mK0[38;5;247m]
[38;5;247m  369. |[38;5;247m[0;91mecho $SHLVL 'entry value 50'[38;5;247m|                   [[0;91mK0[38;5;247m]
[38;5;247m  370. |[38;5;247m[0;91mecho $SHLVL 'entry value 99'[38;5;247m|                   [[0;91mK0[38;5;247m]
[38;5;247m  371. |[38;5;247m[0;91mecho $SHLVL 'entry value -20'[38;5;247m|                  [[0;91mK0[38;5;247m]
[38;5;247m  372. |[38;5;247m[0;91mecho $SHLVL 'entry value 800'[38;5;247m|                  [[0;91mK0[38;5;247m]
[38;5;247m  373. |[38;5;247m[0;91mecho $SHLVL 'entry value 1000'[38;5;247m|                 [[0;91mK0[38;5;247m]
[38;5;247m  374. |[38;5;247m[0;91mecho $SHLVL 'entry value 5000000'[38;5;247m|              [[0;91mK0[38;5;247m]
[38;5;247m  375. |[38;5;247m[0;91mecho $SHLVL 'unset SHLVL before ./minishell'[38;5;247m|   [[0;91mK0[38;5;247m]
[38;5;247m  376. |[38;5;247m[0;91mecho $SLVL 'export SHLVL='' before ./minishell'[38;5;247m|[[0;91mK0[38;5;247m]
[38;5;247m

  It seems that there are some tests that have not passed...

  To see full failure traces -> traces/shlvl_trace.txt

[38;5;247m
|====================[ PANIC MANDATORY ]=====================|[38;5;247m[38;5;247m


[38;5;247m[38;5;247m  377. |[38;5;247m[0;91mrm -rf actual dir and cd .[38;5;247m|                     [[0;91mK0[38;5;247m]
[38;5;247m  378. |[38;5;247m[0;91mexit --[38;5;247m|                                        [[0;91mK0[38;5;247m]
[38;5;247m  379. |[38;5;247m[0;91mecho all &> file[38;5;247m|                               [[0;91mK0[38;5;247m]
[38;5;247m  380. |[38;5;247m[0;92mcd - (at start the minishell, OLDPWD sho...[38;5;247m|    [[0;92mOK[38;5;247m]
[38;5;247m  381. |[38;5;247m[0;91mcd - (deleted old path dir)[38;5;247m|                    [[0;91mK0[38;5;247m]
[38;5;247m  382. |[38;5;247m[0;91mcd -[38;5;247m|                                           [[0;91mK0[38;5;247m]
[38;5;247m  383. |[38;5;247m[0;91mecho ~ (without $HOME in env)[38;5;247m|                  [[0;91mK0[38;5;247m]
[38;5;247m  384. |[38;5;247m[0;91mplaying with PWD an OLD[38;5;247m|                        [[0;91mK0[38;5;247m]
[38;5;247m  385. |[38;5;247m[0;91mplaying with PWD an OLD[38;5;247m|                        [[0;91mK0[38;5;247m]
[38;5;247m  386. |[38;5;247m[0;91mecho <> file[38;5;247m|                                   [[0;91mK0[38;5;247m]
[38;5;247m  387. |[38;5;247m[0;91mcat < file 3< file2[38;5;247m|                            [[0;91mK0[38;5;247m]
[38;5;247m  388. |[38;5;247m[0;92mfile with permission named echo[38;5;247m|                [[0;92mOK[38;5;247m]
[38;5;247m

  It seems that there are some tests that have not passed...

  To see full failure traces -> traces/panic/panic_mandatory.txt

[38;5;247m
|=======================[ YOUR TESTS ]=======================|[38;5;247m[38;5;247m


[38;5;247m there goes your tests!
[38;5;247m

  All your test passed successfully!!
[38;5;247m
|============================================================|

[38;5;247m  SUMARY                         [0;92m[ OK ][38;5;247m [0;91m[ KO ][38;5;247m [0;91m[ SF ][38;5;247m [ TT ]
  [echo]                          [0;92m 15[38;5;247m    [0;91m  3[38;5;247m    [0;91m  0[38;5;247m     18
  [export]                        [0;92m  1[38;5;247m    [0;91m 15[38;5;247m    [0;91m  0[38;5;247m     16
  [env]                           [0;92m  7[38;5;247m    [0;91m  1[38;5;247m    [0;91m  0[38;5;247m      8
  [exit]                          [0;92m 42[38;5;247m    [0;91m 13[38;5;247m    [0;91m  0[38;5;247m     55
  [directory]                     [0;92m  9[38;5;247m    [0;91m 14[38;5;247m    [0;91m  0[38;5;247m     23
  [dollars]                       [0;92m 14[38;5;247m    [0;91m 19[38;5;247m    [0;91m  0[38;5;247m     33
  [quotes]                        [0;92m  4[38;5;247m    [0;91m 48[38;5;247m    [0;91m  0[38;5;247m     52
  [spaces]                        [0;92m  9[38;5;247m    [0;91m  1[38;5;247m    [0;91m  0[38;5;247m     10
  [tilde]                         [0;92m  3[38;5;247m    [0;91m  6[38;5;247m    [0;91m  0[38;5;247m      9
  [syntax_error]                  [0;92m  5[38;5;247m    [0;91m 10[38;5;247m    [0;91m 12[38;5;247m     27
  [pipe]                          [0;92m 26[38;5;247m    [0;91m 11[38;5;247m    [0;91m 12[38;5;247m     49
  [redirection]                   [0;92m  0[38;5;247m    [0;91m 65[38;5;247m    [0;91m  2[38;5;247m     67
  [status]                        [0;92m  9[38;5;247m    [0;91m 18[38;5;247m    [0;91m  0[38;5;247m     27
  [shlvl]                         [0;92m  0[38;5;247m    [0;91m  9[38;5;247m    [0;91m  0[38;5;247m      9
  [panic mandatory]               [0;92m  2[38;5;247m    [0;91m 10[38;5;247m    [0;91m  0[38;5;247m     12
  [your]                          [0;92m  0[38;5;247m    [0;91m  0[38;5;247m    [0;91m  0[38;5;247m      0

  total                          [0;92m[0141][38;5;247m [0;91m[0233][38;5;247m [0;91m[0014][38;5;247m [0388]


[38;5;247m  Any issue send via slack bmoll-pe, arebelo or ailopez-o

[38;5;247m[0;39m